{
  "stats": {
    "suites": 65,
    "tests": 130,
    "passes": 130,
    "pending": 0,
    "failures": 0,
    "start": "2023-02-10T06:59:37.065Z",
    "end": "2023-02-10T07:03:07.537Z",
    "duration": 210472,
    "testsRegistered": 130,
    "passPercent": 100,
    "pendingPercent": 0,
    "other": 0,
    "hasOther": false,
    "skipped": 0,
    "hasSkipped": false
  },
  "results": [
    {
      "uuid": "a045b0b2-5db6-41be-bcc1-0878e86538d8",
      "title": "",
      "fullFile": "",
      "file": "",
      "beforeHooks": [],
      "afterHooks": [],
      "tests": [],
      "suites": [
        {
          "uuid": "02b2101d-20b8-428a-b14a-1a237c7d505d",
          "title": "Hulhub - Forms Testings",
          "fullFile": "C:\\Automation\\Hulhub\\test\\Smoke\\01.Forms.test.js",
          "file": "\\test\\Smoke\\01.Forms.test.js",
          "beforeHooks": [
            {
              "title": "\"before all\" hook in \"Hulhub - Forms Testings\"",
              "fullTitle": "Hulhub - Forms Testings \"before all\" hook in \"Hulhub - Forms Testings\"",
              "timedOut": false,
              "duration": 8491,
              "state": null,
              "speed": null,
              "pass": false,
              "fail": false,
              "pending": false,
              "context": null,
              "code": "console.log(\"--> Hulhub before\");\npage = new Hulhubforms();\ndriver = page.driver;\nawait page.visit(\"http://hulv2.hul-hub.com/\");",
              "err": {},
              "uuid": "90d09f50-776f-4405-94d1-7be78481fae1",
              "parentUUID": "02b2101d-20b8-428a-b14a-1a237c7d505d",
              "isHook": true,
              "skipped": false
            },
            {
              "title": "\"before each\" hook in \"Hulhub - Forms Testings\"",
              "fullTitle": "Hulhub - Forms Testings \"before each\" hook in \"Hulhub - Forms Testings\"",
              "timedOut": false,
              "duration": 0,
              "state": null,
              "speed": null,
              "pass": false,
              "fail": false,
              "pending": false,
              "context": null,
              "code": "/**\n * This hook will perform on every it run then this hook event will be trigger\n * so when there is any case you need to perform with closing the browser on\n * every it then use this other wise after and before perform the same as this, but not on the every `it` perform\n */",
              "err": {},
              "uuid": "a8b4b6bf-4428-4735-96f5-904c5877a19b",
              "parentUUID": "02b2101d-20b8-428a-b14a-1a237c7d505d",
              "isHook": true,
              "skipped": false
            }
          ],
          "afterHooks": [
            {
              "title": "\"after all\" hook in \"Hulhub - Forms Testings\"",
              "fullTitle": "Hulhub - Forms Testings \"after all\" hook in \"Hulhub - Forms Testings\"",
              "timedOut": false,
              "duration": 0,
              "state": null,
              "speed": null,
              "pass": false,
              "fail": false,
              "pending": false,
              "context": null,
              "code": "// await page.quit();",
              "err": {},
              "uuid": "785910f9-4b22-4112-879e-fa6ff9ef1157",
              "parentUUID": "02b2101d-20b8-428a-b14a-1a237c7d505d",
              "isHook": true,
              "skipped": false
            },
            {
              "title": "\"after each\" hook in \"Hulhub - Forms Testings\"",
              "fullTitle": "Hulhub - Forms Testings \"after each\" hook in \"Hulhub - Forms Testings\"",
              "timedOut": false,
              "duration": 1,
              "state": null,
              "speed": null,
              "pass": false,
              "fail": false,
              "pending": false,
              "context": null,
              "code": "/**\n * This hook will perform on every it run then this hook event will be trigger\n * so when there is any case you need to perform with closing the browser on\n * every it then use this other wise after and before perform the same as this, but not on the every `it` perform\n */",
              "err": {},
              "uuid": "e5cd3b02-c975-42ab-a992-073c3ddf0fd5",
              "parentUUID": "02b2101d-20b8-428a-b14a-1a237c7d505d",
              "isHook": true,
              "skipped": false
            }
          ],
          "tests": [
            {
              "title": "All Pages Title verification Testing",
              "fullTitle": "Hulhub - Forms Testings All Pages Title verification Testing",
              "timedOut": false,
              "duration": 6,
              "state": "passed",
              "speed": "fast",
              "pass": true,
              "fail": false,
              "pending": false,
              "context": null,
              "code": "const result = await page.getNavigationLinks();\nfor (let i = 0; i < result.length; i++) {\n  describe(`Hulhub Website ${result[i].name} Title Testing`, async function () {\n    it(`Visit to ${result[i].name}`, async () => {\n      await page.visit(result[i].url);\n    });\n    it(\"Home page title Verification\", async () => {\n      const Livetitles = await page.getTitles();\n      const Hardcodedtitles = await page.getMetaTitles();\n      console.log(Livetitles, Hardcodedtitles);\n      let finalTitle = Hardcodedtitles.findIndex((item) => {\n        return item.title == Livetitles;\n      });\n      assert.isAtLeast(finalTitle, 0);\n    });\n  });\n}",
              "err": {},
              "uuid": "55149643-3c99-45ce-92a7-507ee8a19b5e",
              "parentUUID": "02b2101d-20b8-428a-b14a-1a237c7d505d",
              "isHook": false,
              "skipped": false
            },
            {
              "title": "All Pages Description verification Testing",
              "fullTitle": "Hulhub - Forms Testings All Pages Description verification Testing",
              "timedOut": false,
              "duration": 4,
              "state": "passed",
              "speed": "fast",
              "pass": true,
              "fail": false,
              "pending": false,
              "context": null,
              "code": "const result = await page.getNavigationLinks();\nfor (let i = 0; i < result.length; i++) {\n  describe(`Hulhub Website ${result[i].name} Description Testing`, async function () {\n    it(`Visit to ${result[i].name}`, async () => {\n      await page.visit(result[i].url);\n    });\n    it(\"Website Description Verification\", async () => {\n      const Livedescription = await page.getDescription();\n      const Hardcodeddescription = await page.getMetaDescription();\n      console.log(Livedescription, Hardcodeddescription);\n      let finaldescription = Hardcodeddescription.findIndex((item) => {\n        return item.description == Livedescription;\n      });\n      assert.isAtLeast(finaldescription, 0);\n    });\n  });\n}",
              "err": {},
              "uuid": "b783a312-2a85-4368-905f-0f77b4edd5cc",
              "parentUUID": "02b2101d-20b8-428a-b14a-1a237c7d505d",
              "isHook": false,
              "skipped": false
            }
          ],
          "suites": [],
          "passes": [
            "55149643-3c99-45ce-92a7-507ee8a19b5e",
            "b783a312-2a85-4368-905f-0f77b4edd5cc"
          ],
          "failures": [],
          "pending": [],
          "skipped": [],
          "duration": 10,
          "root": false,
          "rootEmpty": false,
          "_timeout": 5000000
        },
        {
          "uuid": "e2905aa8-94cc-4fbf-b9b7-09bf9481c791",
          "title": "Hulhub Website Infrastructure Cloud And Devops Service Page - Main Service Page Title Testing",
          "fullFile": "C:\\Automation\\Hulhub\\test\\Smoke\\01.Forms.test.js",
          "file": "\\test\\Smoke\\01.Forms.test.js",
          "beforeHooks": [],
          "afterHooks": [],
          "tests": [
            {
              "title": "Visit to Infrastructure Cloud And Devops Service Page - Main Service Page",
              "fullTitle": "Hulhub Website Infrastructure Cloud And Devops Service Page - Main Service Page Title Testing Visit to Infrastructure Cloud And Devops Service Page - Main Service Page",
              "timedOut": false,
              "duration": 2607,
              "state": "passed",
              "speed": "slow",
              "pass": true,
              "fail": false,
              "pending": false,
              "context": null,
              "code": "await page.visit(result[i].url);",
              "err": {},
              "uuid": "112f111e-7fd3-44f6-87b0-0b4631bf87e5",
              "parentUUID": "e2905aa8-94cc-4fbf-b9b7-09bf9481c791",
              "isHook": false,
              "skipped": false
            },
            {
              "title": "Home page title Verification",
              "fullTitle": "Hulhub Website Infrastructure Cloud And Devops Service Page - Main Service Page Title Testing Home page title Verification",
              "timedOut": false,
              "duration": 105,
              "state": "passed",
              "speed": "slow",
              "pass": true,
              "fail": false,
              "pending": false,
              "context": null,
              "code": "const Livetitles = await page.getTitles();\nconst Hardcodedtitles = await page.getMetaTitles();\nconsole.log(Livetitles, Hardcodedtitles);\nlet finalTitle = Hardcodedtitles.findIndex((item) => {\n  return item.title == Livetitles;\n});\nassert.isAtLeast(finalTitle, 0);",
              "err": {},
              "uuid": "542abc97-54e7-4bf5-ae5c-f209b0badf10",
              "parentUUID": "e2905aa8-94cc-4fbf-b9b7-09bf9481c791",
              "isHook": false,
              "skipped": false
            }
          ],
          "suites": [],
          "passes": [
            "112f111e-7fd3-44f6-87b0-0b4631bf87e5",
            "542abc97-54e7-4bf5-ae5c-f209b0badf10"
          ],
          "failures": [],
          "pending": [],
          "skipped": [],
          "duration": 2712,
          "root": false,
          "rootEmpty": false,
          "_timeout": 0
        },
        {
          "uuid": "ec8d2e25-18fd-4272-8a37-d82fc7c05abb",
          "title": "Hulhub Website Infrastructure Cloud And Devops - Managed Service - Sub Services Page Title Testing",
          "fullFile": "C:\\Automation\\Hulhub\\test\\Smoke\\01.Forms.test.js",
          "file": "\\test\\Smoke\\01.Forms.test.js",
          "beforeHooks": [],
          "afterHooks": [],
          "tests": [
            {
              "title": "Visit to Infrastructure Cloud And Devops - Managed Service - Sub Services Page",
              "fullTitle": "Hulhub Website Infrastructure Cloud And Devops - Managed Service - Sub Services Page Title Testing Visit to Infrastructure Cloud And Devops - Managed Service - Sub Services Page",
              "timedOut": false,
              "duration": 1866,
              "state": "passed",
              "speed": "slow",
              "pass": true,
              "fail": false,
              "pending": false,
              "context": null,
              "code": "await page.visit(result[i].url);",
              "err": {},
              "uuid": "d38c4c37-1c05-4e49-a24d-3bedaeddae9a",
              "parentUUID": "ec8d2e25-18fd-4272-8a37-d82fc7c05abb",
              "isHook": false,
              "skipped": false
            },
            {
              "title": "Home page title Verification",
              "fullTitle": "Hulhub Website Infrastructure Cloud And Devops - Managed Service - Sub Services Page Title Testing Home page title Verification",
              "timedOut": false,
              "duration": 81,
              "state": "passed",
              "speed": "slow",
              "pass": true,
              "fail": false,
              "pending": false,
              "context": null,
              "code": "const Livetitles = await page.getTitles();\nconst Hardcodedtitles = await page.getMetaTitles();\nconsole.log(Livetitles, Hardcodedtitles);\nlet finalTitle = Hardcodedtitles.findIndex((item) => {\n  return item.title == Livetitles;\n});\nassert.isAtLeast(finalTitle, 0);",
              "err": {},
              "uuid": "99c808bb-6fcf-4051-be8f-daa4fc794d51",
              "parentUUID": "ec8d2e25-18fd-4272-8a37-d82fc7c05abb",
              "isHook": false,
              "skipped": false
            }
          ],
          "suites": [],
          "passes": [
            "d38c4c37-1c05-4e49-a24d-3bedaeddae9a",
            "99c808bb-6fcf-4051-be8f-daa4fc794d51"
          ],
          "failures": [],
          "pending": [],
          "skipped": [],
          "duration": 1947,
          "root": false,
          "rootEmpty": false,
          "_timeout": 0
        },
        {
          "uuid": "ea0e13cf-00fe-42aa-bbd7-0f7435e48a15",
          "title": "Hulhub Website Infrastructure Cloud And Devops - Cloud Service - Sub Services Page Title Testing",
          "fullFile": "C:\\Automation\\Hulhub\\test\\Smoke\\01.Forms.test.js",
          "file": "\\test\\Smoke\\01.Forms.test.js",
          "beforeHooks": [],
          "afterHooks": [],
          "tests": [
            {
              "title": "Visit to Infrastructure Cloud And Devops - Cloud Service - Sub Services Page",
              "fullTitle": "Hulhub Website Infrastructure Cloud And Devops - Cloud Service - Sub Services Page Title Testing Visit to Infrastructure Cloud And Devops - Cloud Service - Sub Services Page",
              "timedOut": false,
              "duration": 995,
              "state": "passed",
              "speed": "slow",
              "pass": true,
              "fail": false,
              "pending": false,
              "context": null,
              "code": "await page.visit(result[i].url);",
              "err": {},
              "uuid": "6d3d57bf-46e7-4ee9-a428-426ec95f6d04",
              "parentUUID": "ea0e13cf-00fe-42aa-bbd7-0f7435e48a15",
              "isHook": false,
              "skipped": false
            },
            {
              "title": "Home page title Verification",
              "fullTitle": "Hulhub Website Infrastructure Cloud And Devops - Cloud Service - Sub Services Page Title Testing Home page title Verification",
              "timedOut": false,
              "duration": 131,
              "state": "passed",
              "speed": "slow",
              "pass": true,
              "fail": false,
              "pending": false,
              "context": null,
              "code": "const Livetitles = await page.getTitles();\nconst Hardcodedtitles = await page.getMetaTitles();\nconsole.log(Livetitles, Hardcodedtitles);\nlet finalTitle = Hardcodedtitles.findIndex((item) => {\n  return item.title == Livetitles;\n});\nassert.isAtLeast(finalTitle, 0);",
              "err": {},
              "uuid": "7751718d-ce40-4c6c-8cf1-5bc5a681c65f",
              "parentUUID": "ea0e13cf-00fe-42aa-bbd7-0f7435e48a15",
              "isHook": false,
              "skipped": false
            }
          ],
          "suites": [],
          "passes": [
            "6d3d57bf-46e7-4ee9-a428-426ec95f6d04",
            "7751718d-ce40-4c6c-8cf1-5bc5a681c65f"
          ],
          "failures": [],
          "pending": [],
          "skipped": [],
          "duration": 1126,
          "root": false,
          "rootEmpty": false,
          "_timeout": 0
        },
        {
          "uuid": "b97a4675-c987-4bff-b2f7-6e3c31aba2cc",
          "title": "Hulhub Website Infrastructure Cloud And Devops - Cloud Application - Sub Services Page Title Testing",
          "fullFile": "C:\\Automation\\Hulhub\\test\\Smoke\\01.Forms.test.js",
          "file": "\\test\\Smoke\\01.Forms.test.js",
          "beforeHooks": [],
          "afterHooks": [],
          "tests": [
            {
              "title": "Visit to Infrastructure Cloud And Devops - Cloud Application - Sub Services Page",
              "fullTitle": "Hulhub Website Infrastructure Cloud And Devops - Cloud Application - Sub Services Page Title Testing Visit to Infrastructure Cloud And Devops - Cloud Application - Sub Services Page",
              "timedOut": false,
              "duration": 1040,
              "state": "passed",
              "speed": "slow",
              "pass": true,
              "fail": false,
              "pending": false,
              "context": null,
              "code": "await page.visit(result[i].url);",
              "err": {},
              "uuid": "b938b11f-eaad-47d2-bc40-51c2e90646cf",
              "parentUUID": "b97a4675-c987-4bff-b2f7-6e3c31aba2cc",
              "isHook": false,
              "skipped": false
            },
            {
              "title": "Home page title Verification",
              "fullTitle": "Hulhub Website Infrastructure Cloud And Devops - Cloud Application - Sub Services Page Title Testing Home page title Verification",
              "timedOut": false,
              "duration": 221,
              "state": "passed",
              "speed": "slow",
              "pass": true,
              "fail": false,
              "pending": false,
              "context": null,
              "code": "const Livetitles = await page.getTitles();\nconst Hardcodedtitles = await page.getMetaTitles();\nconsole.log(Livetitles, Hardcodedtitles);\nlet finalTitle = Hardcodedtitles.findIndex((item) => {\n  return item.title == Livetitles;\n});\nassert.isAtLeast(finalTitle, 0);",
              "err": {},
              "uuid": "5f26e8a2-c4d7-4286-806d-12730b852b74",
              "parentUUID": "b97a4675-c987-4bff-b2f7-6e3c31aba2cc",
              "isHook": false,
              "skipped": false
            }
          ],
          "suites": [],
          "passes": [
            "b938b11f-eaad-47d2-bc40-51c2e90646cf",
            "5f26e8a2-c4d7-4286-806d-12730b852b74"
          ],
          "failures": [],
          "pending": [],
          "skipped": [],
          "duration": 1261,
          "root": false,
          "rootEmpty": false,
          "_timeout": 0
        },
        {
          "uuid": "188af82b-8606-44af-a963-d4aa889dd4fa",
          "title": "Hulhub Website Mobile App Development Services - Main Service Page Title Testing",
          "fullFile": "C:\\Automation\\Hulhub\\test\\Smoke\\01.Forms.test.js",
          "file": "\\test\\Smoke\\01.Forms.test.js",
          "beforeHooks": [],
          "afterHooks": [],
          "tests": [
            {
              "title": "Visit to Mobile App Development Services - Main Service Page",
              "fullTitle": "Hulhub Website Mobile App Development Services - Main Service Page Title Testing Visit to Mobile App Development Services - Main Service Page",
              "timedOut": false,
              "duration": 1759,
              "state": "passed",
              "speed": "slow",
              "pass": true,
              "fail": false,
              "pending": false,
              "context": null,
              "code": "await page.visit(result[i].url);",
              "err": {},
              "uuid": "9fc1743c-1e1b-4f15-961d-4046415d2b34",
              "parentUUID": "188af82b-8606-44af-a963-d4aa889dd4fa",
              "isHook": false,
              "skipped": false
            },
            {
              "title": "Home page title Verification",
              "fullTitle": "Hulhub Website Mobile App Development Services - Main Service Page Title Testing Home page title Verification",
              "timedOut": false,
              "duration": 98,
              "state": "passed",
              "speed": "slow",
              "pass": true,
              "fail": false,
              "pending": false,
              "context": null,
              "code": "const Livetitles = await page.getTitles();\nconst Hardcodedtitles = await page.getMetaTitles();\nconsole.log(Livetitles, Hardcodedtitles);\nlet finalTitle = Hardcodedtitles.findIndex((item) => {\n  return item.title == Livetitles;\n});\nassert.isAtLeast(finalTitle, 0);",
              "err": {},
              "uuid": "977dc812-1877-41fc-beac-63520536b622",
              "parentUUID": "188af82b-8606-44af-a963-d4aa889dd4fa",
              "isHook": false,
              "skipped": false
            }
          ],
          "suites": [],
          "passes": [
            "9fc1743c-1e1b-4f15-961d-4046415d2b34",
            "977dc812-1877-41fc-beac-63520536b622"
          ],
          "failures": [],
          "pending": [],
          "skipped": [],
          "duration": 1857,
          "root": false,
          "rootEmpty": false,
          "_timeout": 0
        },
        {
          "uuid": "920cbafb-b5d0-4d12-91f9-e1f94e4a011e",
          "title": "Hulhub Website Mobile App Development Services - Game Service - Sub Service Page Title Testing",
          "fullFile": "C:\\Automation\\Hulhub\\test\\Smoke\\01.Forms.test.js",
          "file": "\\test\\Smoke\\01.Forms.test.js",
          "beforeHooks": [],
          "afterHooks": [],
          "tests": [
            {
              "title": "Visit to Mobile App Development Services - Game Service - Sub Service Page",
              "fullTitle": "Hulhub Website Mobile App Development Services - Game Service - Sub Service Page Title Testing Visit to Mobile App Development Services - Game Service - Sub Service Page",
              "timedOut": false,
              "duration": 751,
              "state": "passed",
              "speed": "slow",
              "pass": true,
              "fail": false,
              "pending": false,
              "context": null,
              "code": "await page.visit(result[i].url);",
              "err": {},
              "uuid": "ecdf7cc2-21c9-427b-a052-fada0dc69e7d",
              "parentUUID": "920cbafb-b5d0-4d12-91f9-e1f94e4a011e",
              "isHook": false,
              "skipped": false
            },
            {
              "title": "Home page title Verification",
              "fullTitle": "Hulhub Website Mobile App Development Services - Game Service - Sub Service Page Title Testing Home page title Verification",
              "timedOut": false,
              "duration": 127,
              "state": "passed",
              "speed": "slow",
              "pass": true,
              "fail": false,
              "pending": false,
              "context": null,
              "code": "const Livetitles = await page.getTitles();\nconst Hardcodedtitles = await page.getMetaTitles();\nconsole.log(Livetitles, Hardcodedtitles);\nlet finalTitle = Hardcodedtitles.findIndex((item) => {\n  return item.title == Livetitles;\n});\nassert.isAtLeast(finalTitle, 0);",
              "err": {},
              "uuid": "4d0aecad-9e24-404f-af8f-b5d37a384536",
              "parentUUID": "920cbafb-b5d0-4d12-91f9-e1f94e4a011e",
              "isHook": false,
              "skipped": false
            }
          ],
          "suites": [],
          "passes": [
            "ecdf7cc2-21c9-427b-a052-fada0dc69e7d",
            "4d0aecad-9e24-404f-af8f-b5d37a384536"
          ],
          "failures": [],
          "pending": [],
          "skipped": [],
          "duration": 878,
          "root": false,
          "rootEmpty": false,
          "_timeout": 0
        },
        {
          "uuid": "f1d616d8-9f3c-4aa0-b5db-20d107762dbe",
          "title": "Hulhub Website Mobile App Development Services - Native Service - Sub Service Page Title Testing",
          "fullFile": "C:\\Automation\\Hulhub\\test\\Smoke\\01.Forms.test.js",
          "file": "\\test\\Smoke\\01.Forms.test.js",
          "beforeHooks": [],
          "afterHooks": [],
          "tests": [
            {
              "title": "Visit to Mobile App Development Services - Native Service - Sub Service Page",
              "fullTitle": "Hulhub Website Mobile App Development Services - Native Service - Sub Service Page Title Testing Visit to Mobile App Development Services - Native Service - Sub Service Page",
              "timedOut": false,
              "duration": 756,
              "state": "passed",
              "speed": "slow",
              "pass": true,
              "fail": false,
              "pending": false,
              "context": null,
              "code": "await page.visit(result[i].url);",
              "err": {},
              "uuid": "300051e4-8526-481b-a229-c8eab792ce1f",
              "parentUUID": "f1d616d8-9f3c-4aa0-b5db-20d107762dbe",
              "isHook": false,
              "skipped": false
            },
            {
              "title": "Home page title Verification",
              "fullTitle": "Hulhub Website Mobile App Development Services - Native Service - Sub Service Page Title Testing Home page title Verification",
              "timedOut": false,
              "duration": 192,
              "state": "passed",
              "speed": "slow",
              "pass": true,
              "fail": false,
              "pending": false,
              "context": null,
              "code": "const Livetitles = await page.getTitles();\nconst Hardcodedtitles = await page.getMetaTitles();\nconsole.log(Livetitles, Hardcodedtitles);\nlet finalTitle = Hardcodedtitles.findIndex((item) => {\n  return item.title == Livetitles;\n});\nassert.isAtLeast(finalTitle, 0);",
              "err": {},
              "uuid": "d501ac5b-41e4-4ad9-9a14-59f916edea9e",
              "parentUUID": "f1d616d8-9f3c-4aa0-b5db-20d107762dbe",
              "isHook": false,
              "skipped": false
            }
          ],
          "suites": [],
          "passes": [
            "300051e4-8526-481b-a229-c8eab792ce1f",
            "d501ac5b-41e4-4ad9-9a14-59f916edea9e"
          ],
          "failures": [],
          "pending": [],
          "skipped": [],
          "duration": 948,
          "root": false,
          "rootEmpty": false,
          "_timeout": 0
        },
        {
          "uuid": "c9108f52-cc93-4af5-876a-981ddb908d71",
          "title": "Hulhub Website Mobile App Development Services - React Native Service - Sub Service Page Title Testing",
          "fullFile": "C:\\Automation\\Hulhub\\test\\Smoke\\01.Forms.test.js",
          "file": "\\test\\Smoke\\01.Forms.test.js",
          "beforeHooks": [],
          "afterHooks": [],
          "tests": [
            {
              "title": "Visit to Mobile App Development Services - React Native Service - Sub Service Page",
              "fullTitle": "Hulhub Website Mobile App Development Services - React Native Service - Sub Service Page Title Testing Visit to Mobile App Development Services - React Native Service - Sub Service Page",
              "timedOut": false,
              "duration": 1790,
              "state": "passed",
              "speed": "slow",
              "pass": true,
              "fail": false,
              "pending": false,
              "context": null,
              "code": "await page.visit(result[i].url);",
              "err": {},
              "uuid": "0c96b91a-777e-487d-8c1d-64422d1fd336",
              "parentUUID": "c9108f52-cc93-4af5-876a-981ddb908d71",
              "isHook": false,
              "skipped": false
            },
            {
              "title": "Home page title Verification",
              "fullTitle": "Hulhub Website Mobile App Development Services - React Native Service - Sub Service Page Title Testing Home page title Verification",
              "timedOut": false,
              "duration": 185,
              "state": "passed",
              "speed": "slow",
              "pass": true,
              "fail": false,
              "pending": false,
              "context": null,
              "code": "const Livetitles = await page.getTitles();\nconst Hardcodedtitles = await page.getMetaTitles();\nconsole.log(Livetitles, Hardcodedtitles);\nlet finalTitle = Hardcodedtitles.findIndex((item) => {\n  return item.title == Livetitles;\n});\nassert.isAtLeast(finalTitle, 0);",
              "err": {},
              "uuid": "5755eb6d-60a4-4bd5-8084-0f1638ce0d70",
              "parentUUID": "c9108f52-cc93-4af5-876a-981ddb908d71",
              "isHook": false,
              "skipped": false
            }
          ],
          "suites": [],
          "passes": [
            "0c96b91a-777e-487d-8c1d-64422d1fd336",
            "5755eb6d-60a4-4bd5-8084-0f1638ce0d70"
          ],
          "failures": [],
          "pending": [],
          "skipped": [],
          "duration": 1975,
          "root": false,
          "rootEmpty": false,
          "_timeout": 0
        },
        {
          "uuid": "03bc083e-6be6-4bfb-92ba-e60c8d1b9a90",
          "title": "Hulhub Website Mobile App Development Services - Flutter Service - Sub Service Page Title Testing",
          "fullFile": "C:\\Automation\\Hulhub\\test\\Smoke\\01.Forms.test.js",
          "file": "\\test\\Smoke\\01.Forms.test.js",
          "beforeHooks": [],
          "afterHooks": [],
          "tests": [
            {
              "title": "Visit to Mobile App Development Services - Flutter Service - Sub Service Page",
              "fullTitle": "Hulhub Website Mobile App Development Services - Flutter Service - Sub Service Page Title Testing Visit to Mobile App Development Services - Flutter Service - Sub Service Page",
              "timedOut": false,
              "duration": 795,
              "state": "passed",
              "speed": "slow",
              "pass": true,
              "fail": false,
              "pending": false,
              "context": null,
              "code": "await page.visit(result[i].url);",
              "err": {},
              "uuid": "fcc904ba-605c-42c2-8185-3584e45c9127",
              "parentUUID": "03bc083e-6be6-4bfb-92ba-e60c8d1b9a90",
              "isHook": false,
              "skipped": false
            },
            {
              "title": "Home page title Verification",
              "fullTitle": "Hulhub Website Mobile App Development Services - Flutter Service - Sub Service Page Title Testing Home page title Verification",
              "timedOut": false,
              "duration": 135,
              "state": "passed",
              "speed": "slow",
              "pass": true,
              "fail": false,
              "pending": false,
              "context": null,
              "code": "const Livetitles = await page.getTitles();\nconst Hardcodedtitles = await page.getMetaTitles();\nconsole.log(Livetitles, Hardcodedtitles);\nlet finalTitle = Hardcodedtitles.findIndex((item) => {\n  return item.title == Livetitles;\n});\nassert.isAtLeast(finalTitle, 0);",
              "err": {},
              "uuid": "de37199e-b9ba-4bb2-9d26-a60e5dce6c18",
              "parentUUID": "03bc083e-6be6-4bfb-92ba-e60c8d1b9a90",
              "isHook": false,
              "skipped": false
            }
          ],
          "suites": [],
          "passes": [
            "fcc904ba-605c-42c2-8185-3584e45c9127",
            "de37199e-b9ba-4bb2-9d26-a60e5dce6c18"
          ],
          "failures": [],
          "pending": [],
          "skipped": [],
          "duration": 930,
          "root": false,
          "rootEmpty": false,
          "_timeout": 0
        },
        {
          "uuid": "650c762d-6a09-49c9-a0b7-b7b8c7065077",
          "title": "Hulhub Website Web Application - Main Service Page Title Testing",
          "fullFile": "C:\\Automation\\Hulhub\\test\\Smoke\\01.Forms.test.js",
          "file": "\\test\\Smoke\\01.Forms.test.js",
          "beforeHooks": [],
          "afterHooks": [],
          "tests": [
            {
              "title": "Visit to Web Application - Main Service Page",
              "fullTitle": "Hulhub Website Web Application - Main Service Page Title Testing Visit to Web Application - Main Service Page",
              "timedOut": false,
              "duration": 1036,
              "state": "passed",
              "speed": "slow",
              "pass": true,
              "fail": false,
              "pending": false,
              "context": null,
              "code": "await page.visit(result[i].url);",
              "err": {},
              "uuid": "559bac85-38eb-431f-bb5c-2f21aa75c399",
              "parentUUID": "650c762d-6a09-49c9-a0b7-b7b8c7065077",
              "isHook": false,
              "skipped": false
            },
            {
              "title": "Home page title Verification",
              "fullTitle": "Hulhub Website Web Application - Main Service Page Title Testing Home page title Verification",
              "timedOut": false,
              "duration": 92,
              "state": "passed",
              "speed": "slow",
              "pass": true,
              "fail": false,
              "pending": false,
              "context": null,
              "code": "const Livetitles = await page.getTitles();\nconst Hardcodedtitles = await page.getMetaTitles();\nconsole.log(Livetitles, Hardcodedtitles);\nlet finalTitle = Hardcodedtitles.findIndex((item) => {\n  return item.title == Livetitles;\n});\nassert.isAtLeast(finalTitle, 0);",
              "err": {},
              "uuid": "2619c38d-db54-47e5-a950-97fe9ced70e2",
              "parentUUID": "650c762d-6a09-49c9-a0b7-b7b8c7065077",
              "isHook": false,
              "skipped": false
            }
          ],
          "suites": [],
          "passes": [
            "559bac85-38eb-431f-bb5c-2f21aa75c399",
            "2619c38d-db54-47e5-a950-97fe9ced70e2"
          ],
          "failures": [],
          "pending": [],
          "skipped": [],
          "duration": 1128,
          "root": false,
          "rootEmpty": false,
          "_timeout": 0
        },
        {
          "uuid": "639af561-b0e1-40af-97ef-27a54449943c",
          "title": "Hulhub Website Web Application - Web App Service Page - Sub Service Page Title Testing",
          "fullFile": "C:\\Automation\\Hulhub\\test\\Smoke\\01.Forms.test.js",
          "file": "\\test\\Smoke\\01.Forms.test.js",
          "beforeHooks": [],
          "afterHooks": [],
          "tests": [
            {
              "title": "Visit to Web Application - Web App Service Page - Sub Service Page",
              "fullTitle": "Hulhub Website Web Application - Web App Service Page - Sub Service Page Title Testing Visit to Web Application - Web App Service Page - Sub Service Page",
              "timedOut": false,
              "duration": 775,
              "state": "passed",
              "speed": "slow",
              "pass": true,
              "fail": false,
              "pending": false,
              "context": null,
              "code": "await page.visit(result[i].url);",
              "err": {},
              "uuid": "d16e88e9-c229-43a0-9b2c-5321cd0266b9",
              "parentUUID": "639af561-b0e1-40af-97ef-27a54449943c",
              "isHook": false,
              "skipped": false
            },
            {
              "title": "Home page title Verification",
              "fullTitle": "Hulhub Website Web Application - Web App Service Page - Sub Service Page Title Testing Home page title Verification",
              "timedOut": false,
              "duration": 227,
              "state": "passed",
              "speed": "slow",
              "pass": true,
              "fail": false,
              "pending": false,
              "context": null,
              "code": "const Livetitles = await page.getTitles();\nconst Hardcodedtitles = await page.getMetaTitles();\nconsole.log(Livetitles, Hardcodedtitles);\nlet finalTitle = Hardcodedtitles.findIndex((item) => {\n  return item.title == Livetitles;\n});\nassert.isAtLeast(finalTitle, 0);",
              "err": {},
              "uuid": "52d27967-587a-4d79-8016-8998b760606d",
              "parentUUID": "639af561-b0e1-40af-97ef-27a54449943c",
              "isHook": false,
              "skipped": false
            }
          ],
          "suites": [],
          "passes": [
            "d16e88e9-c229-43a0-9b2c-5321cd0266b9",
            "52d27967-587a-4d79-8016-8998b760606d"
          ],
          "failures": [],
          "pending": [],
          "skipped": [],
          "duration": 1002,
          "root": false,
          "rootEmpty": false,
          "_timeout": 0
        },
        {
          "uuid": "bcaae8d4-25ea-474c-9365-a4369e31552d",
          "title": "Hulhub Website Web Application - Mean/Mern Service Page - Sub Service Page Title Testing",
          "fullFile": "C:\\Automation\\Hulhub\\test\\Smoke\\01.Forms.test.js",
          "file": "\\test\\Smoke\\01.Forms.test.js",
          "beforeHooks": [],
          "afterHooks": [],
          "tests": [
            {
              "title": "Visit to Web Application - Mean/Mern Service Page - Sub Service Page",
              "fullTitle": "Hulhub Website Web Application - Mean/Mern Service Page - Sub Service Page Title Testing Visit to Web Application - Mean/Mern Service Page - Sub Service Page",
              "timedOut": false,
              "duration": 748,
              "state": "passed",
              "speed": "slow",
              "pass": true,
              "fail": false,
              "pending": false,
              "context": null,
              "code": "await page.visit(result[i].url);",
              "err": {},
              "uuid": "aeaf39e4-8c85-401c-a34d-2ae8aabfd9f3",
              "parentUUID": "bcaae8d4-25ea-474c-9365-a4369e31552d",
              "isHook": false,
              "skipped": false
            },
            {
              "title": "Home page title Verification",
              "fullTitle": "Hulhub Website Web Application - Mean/Mern Service Page - Sub Service Page Title Testing Home page title Verification",
              "timedOut": false,
              "duration": 128,
              "state": "passed",
              "speed": "slow",
              "pass": true,
              "fail": false,
              "pending": false,
              "context": null,
              "code": "const Livetitles = await page.getTitles();\nconst Hardcodedtitles = await page.getMetaTitles();\nconsole.log(Livetitles, Hardcodedtitles);\nlet finalTitle = Hardcodedtitles.findIndex((item) => {\n  return item.title == Livetitles;\n});\nassert.isAtLeast(finalTitle, 0);",
              "err": {},
              "uuid": "b69e574f-fbe7-40e8-8daf-fffe3dc10500",
              "parentUUID": "bcaae8d4-25ea-474c-9365-a4369e31552d",
              "isHook": false,
              "skipped": false
            }
          ],
          "suites": [],
          "passes": [
            "aeaf39e4-8c85-401c-a34d-2ae8aabfd9f3",
            "b69e574f-fbe7-40e8-8daf-fffe3dc10500"
          ],
          "failures": [],
          "pending": [],
          "skipped": [],
          "duration": 876,
          "root": false,
          "rootEmpty": false,
          "_timeout": 0
        },
        {
          "uuid": "cceab869-11b7-45ec-b9ba-6b52ff828fee",
          "title": "Hulhub Website Web Application - Dot Net Service Page - Sub Service Page Title Testing",
          "fullFile": "C:\\Automation\\Hulhub\\test\\Smoke\\01.Forms.test.js",
          "file": "\\test\\Smoke\\01.Forms.test.js",
          "beforeHooks": [],
          "afterHooks": [],
          "tests": [
            {
              "title": "Visit to Web Application - Dot Net Service Page - Sub Service Page",
              "fullTitle": "Hulhub Website Web Application - Dot Net Service Page - Sub Service Page Title Testing Visit to Web Application - Dot Net Service Page - Sub Service Page",
              "timedOut": false,
              "duration": 778,
              "state": "passed",
              "speed": "slow",
              "pass": true,
              "fail": false,
              "pending": false,
              "context": null,
              "code": "await page.visit(result[i].url);",
              "err": {},
              "uuid": "af304231-853a-464c-a835-7521ec114162",
              "parentUUID": "cceab869-11b7-45ec-b9ba-6b52ff828fee",
              "isHook": false,
              "skipped": false
            },
            {
              "title": "Home page title Verification",
              "fullTitle": "Hulhub Website Web Application - Dot Net Service Page - Sub Service Page Title Testing Home page title Verification",
              "timedOut": false,
              "duration": 114,
              "state": "passed",
              "speed": "slow",
              "pass": true,
              "fail": false,
              "pending": false,
              "context": null,
              "code": "const Livetitles = await page.getTitles();\nconst Hardcodedtitles = await page.getMetaTitles();\nconsole.log(Livetitles, Hardcodedtitles);\nlet finalTitle = Hardcodedtitles.findIndex((item) => {\n  return item.title == Livetitles;\n});\nassert.isAtLeast(finalTitle, 0);",
              "err": {},
              "uuid": "1416528d-1c31-4a9e-9c19-4db1474f3775",
              "parentUUID": "cceab869-11b7-45ec-b9ba-6b52ff828fee",
              "isHook": false,
              "skipped": false
            }
          ],
          "suites": [],
          "passes": [
            "af304231-853a-464c-a835-7521ec114162",
            "1416528d-1c31-4a9e-9c19-4db1474f3775"
          ],
          "failures": [],
          "pending": [],
          "skipped": [],
          "duration": 892,
          "root": false,
          "rootEmpty": false,
          "_timeout": 0
        },
        {
          "uuid": "5bebb27d-76d0-492f-818d-aa250a1db449",
          "title": "Hulhub Website Web Application - Javascript Service Page - Sub Service Page Title Testing",
          "fullFile": "C:\\Automation\\Hulhub\\test\\Smoke\\01.Forms.test.js",
          "file": "\\test\\Smoke\\01.Forms.test.js",
          "beforeHooks": [],
          "afterHooks": [],
          "tests": [
            {
              "title": "Visit to Web Application - Javascript Service Page - Sub Service Page",
              "fullTitle": "Hulhub Website Web Application - Javascript Service Page - Sub Service Page Title Testing Visit to Web Application - Javascript Service Page - Sub Service Page",
              "timedOut": false,
              "duration": 974,
              "state": "passed",
              "speed": "slow",
              "pass": true,
              "fail": false,
              "pending": false,
              "context": null,
              "code": "await page.visit(result[i].url);",
              "err": {},
              "uuid": "db425de5-bab1-4543-8f84-981dea43f530",
              "parentUUID": "5bebb27d-76d0-492f-818d-aa250a1db449",
              "isHook": false,
              "skipped": false
            },
            {
              "title": "Home page title Verification",
              "fullTitle": "Hulhub Website Web Application - Javascript Service Page - Sub Service Page Title Testing Home page title Verification",
              "timedOut": false,
              "duration": 230,
              "state": "passed",
              "speed": "slow",
              "pass": true,
              "fail": false,
              "pending": false,
              "context": null,
              "code": "const Livetitles = await page.getTitles();\nconst Hardcodedtitles = await page.getMetaTitles();\nconsole.log(Livetitles, Hardcodedtitles);\nlet finalTitle = Hardcodedtitles.findIndex((item) => {\n  return item.title == Livetitles;\n});\nassert.isAtLeast(finalTitle, 0);",
              "err": {},
              "uuid": "b9baa7c0-6b7c-40a1-99e5-c1f43c197635",
              "parentUUID": "5bebb27d-76d0-492f-818d-aa250a1db449",
              "isHook": false,
              "skipped": false
            }
          ],
          "suites": [],
          "passes": [
            "db425de5-bab1-4543-8f84-981dea43f530",
            "b9baa7c0-6b7c-40a1-99e5-c1f43c197635"
          ],
          "failures": [],
          "pending": [],
          "skipped": [],
          "duration": 1204,
          "root": false,
          "rootEmpty": false,
          "_timeout": 0
        },
        {
          "uuid": "219c10c8-4cdc-4c14-8de7-93d416e4aaa7",
          "title": "Hulhub Website Web Application - PHP Service Page - Sub Service Page Title Testing",
          "fullFile": "C:\\Automation\\Hulhub\\test\\Smoke\\01.Forms.test.js",
          "file": "\\test\\Smoke\\01.Forms.test.js",
          "beforeHooks": [],
          "afterHooks": [],
          "tests": [
            {
              "title": "Visit to Web Application - PHP Service Page - Sub Service Page",
              "fullTitle": "Hulhub Website Web Application - PHP Service Page - Sub Service Page Title Testing Visit to Web Application - PHP Service Page - Sub Service Page",
              "timedOut": false,
              "duration": 777,
              "state": "passed",
              "speed": "slow",
              "pass": true,
              "fail": false,
              "pending": false,
              "context": null,
              "code": "await page.visit(result[i].url);",
              "err": {},
              "uuid": "8170cc87-2c9c-4d43-929b-86af3392ec2e",
              "parentUUID": "219c10c8-4cdc-4c14-8de7-93d416e4aaa7",
              "isHook": false,
              "skipped": false
            },
            {
              "title": "Home page title Verification",
              "fullTitle": "Hulhub Website Web Application - PHP Service Page - Sub Service Page Title Testing Home page title Verification",
              "timedOut": false,
              "duration": 231,
              "state": "passed",
              "speed": "slow",
              "pass": true,
              "fail": false,
              "pending": false,
              "context": null,
              "code": "const Livetitles = await page.getTitles();\nconst Hardcodedtitles = await page.getMetaTitles();\nconsole.log(Livetitles, Hardcodedtitles);\nlet finalTitle = Hardcodedtitles.findIndex((item) => {\n  return item.title == Livetitles;\n});\nassert.isAtLeast(finalTitle, 0);",
              "err": {},
              "uuid": "97745d5e-f259-47fa-8c83-84c560425b02",
              "parentUUID": "219c10c8-4cdc-4c14-8de7-93d416e4aaa7",
              "isHook": false,
              "skipped": false
            }
          ],
          "suites": [],
          "passes": [
            "8170cc87-2c9c-4d43-929b-86af3392ec2e",
            "97745d5e-f259-47fa-8c83-84c560425b02"
          ],
          "failures": [],
          "pending": [],
          "skipped": [],
          "duration": 1008,
          "root": false,
          "rootEmpty": false,
          "_timeout": 0
        },
        {
          "uuid": "aad70f50-200f-442d-9ab6-c673e8b990ca",
          "title": "Hulhub Website Web Application - Python Service Page - Sub Service Page Title Testing",
          "fullFile": "C:\\Automation\\Hulhub\\test\\Smoke\\01.Forms.test.js",
          "file": "\\test\\Smoke\\01.Forms.test.js",
          "beforeHooks": [],
          "afterHooks": [],
          "tests": [
            {
              "title": "Visit to Web Application - Python Service Page - Sub Service Page",
              "fullTitle": "Hulhub Website Web Application - Python Service Page - Sub Service Page Title Testing Visit to Web Application - Python Service Page - Sub Service Page",
              "timedOut": false,
              "duration": 817,
              "state": "passed",
              "speed": "slow",
              "pass": true,
              "fail": false,
              "pending": false,
              "context": null,
              "code": "await page.visit(result[i].url);",
              "err": {},
              "uuid": "9084dca9-6608-4825-876a-c41f0cafca35",
              "parentUUID": "aad70f50-200f-442d-9ab6-c673e8b990ca",
              "isHook": false,
              "skipped": false
            },
            {
              "title": "Home page title Verification",
              "fullTitle": "Hulhub Website Web Application - Python Service Page - Sub Service Page Title Testing Home page title Verification",
              "timedOut": false,
              "duration": 144,
              "state": "passed",
              "speed": "slow",
              "pass": true,
              "fail": false,
              "pending": false,
              "context": null,
              "code": "const Livetitles = await page.getTitles();\nconst Hardcodedtitles = await page.getMetaTitles();\nconsole.log(Livetitles, Hardcodedtitles);\nlet finalTitle = Hardcodedtitles.findIndex((item) => {\n  return item.title == Livetitles;\n});\nassert.isAtLeast(finalTitle, 0);",
              "err": {},
              "uuid": "f0e8129b-2699-4387-a25a-76fbcde62bd7",
              "parentUUID": "aad70f50-200f-442d-9ab6-c673e8b990ca",
              "isHook": false,
              "skipped": false
            }
          ],
          "suites": [],
          "passes": [
            "9084dca9-6608-4825-876a-c41f0cafca35",
            "f0e8129b-2699-4387-a25a-76fbcde62bd7"
          ],
          "failures": [],
          "pending": [],
          "skipped": [],
          "duration": 961,
          "root": false,
          "rootEmpty": false,
          "_timeout": 0
        },
        {
          "uuid": "dd9df160-01a1-4bdb-a1ea-71c313ac5080",
          "title": "Hulhub Website Design and Marketing - Main Service Page Title Testing",
          "fullFile": "C:\\Automation\\Hulhub\\test\\Smoke\\01.Forms.test.js",
          "file": "\\test\\Smoke\\01.Forms.test.js",
          "beforeHooks": [],
          "afterHooks": [],
          "tests": [
            {
              "title": "Visit to Design and Marketing - Main Service Page",
              "fullTitle": "Hulhub Website Design and Marketing - Main Service Page Title Testing Visit to Design and Marketing - Main Service Page",
              "timedOut": false,
              "duration": 867,
              "state": "passed",
              "speed": "slow",
              "pass": true,
              "fail": false,
              "pending": false,
              "context": null,
              "code": "await page.visit(result[i].url);",
              "err": {},
              "uuid": "b7d1d342-7ec0-4fc5-a5e2-cfb2a509b6b1",
              "parentUUID": "dd9df160-01a1-4bdb-a1ea-71c313ac5080",
              "isHook": false,
              "skipped": false
            },
            {
              "title": "Home page title Verification",
              "fullTitle": "Hulhub Website Design and Marketing - Main Service Page Title Testing Home page title Verification",
              "timedOut": false,
              "duration": 74,
              "state": "passed",
              "speed": "medium",
              "pass": true,
              "fail": false,
              "pending": false,
              "context": null,
              "code": "const Livetitles = await page.getTitles();\nconst Hardcodedtitles = await page.getMetaTitles();\nconsole.log(Livetitles, Hardcodedtitles);\nlet finalTitle = Hardcodedtitles.findIndex((item) => {\n  return item.title == Livetitles;\n});\nassert.isAtLeast(finalTitle, 0);",
              "err": {},
              "uuid": "400b031d-4055-4955-b0c6-e3614b3a98d0",
              "parentUUID": "dd9df160-01a1-4bdb-a1ea-71c313ac5080",
              "isHook": false,
              "skipped": false
            }
          ],
          "suites": [],
          "passes": [
            "b7d1d342-7ec0-4fc5-a5e2-cfb2a509b6b1",
            "400b031d-4055-4955-b0c6-e3614b3a98d0"
          ],
          "failures": [],
          "pending": [],
          "skipped": [],
          "duration": 941,
          "root": false,
          "rootEmpty": false,
          "_timeout": 0
        },
        {
          "uuid": "4f0c3f02-4924-4410-b383-efbb765bf4ad",
          "title": "Hulhub Website Design and Marketing - Seo Service Page - Sub Service Page Title Testing",
          "fullFile": "C:\\Automation\\Hulhub\\test\\Smoke\\01.Forms.test.js",
          "file": "\\test\\Smoke\\01.Forms.test.js",
          "beforeHooks": [],
          "afterHooks": [],
          "tests": [
            {
              "title": "Visit to Design and Marketing - Seo Service Page - Sub Service Page",
              "fullTitle": "Hulhub Website Design and Marketing - Seo Service Page - Sub Service Page Title Testing Visit to Design and Marketing - Seo Service Page - Sub Service Page",
              "timedOut": false,
              "duration": 775,
              "state": "passed",
              "speed": "slow",
              "pass": true,
              "fail": false,
              "pending": false,
              "context": null,
              "code": "await page.visit(result[i].url);",
              "err": {},
              "uuid": "e3dad5d2-51b1-49c4-bc2c-17af1cdf1b3f",
              "parentUUID": "4f0c3f02-4924-4410-b383-efbb765bf4ad",
              "isHook": false,
              "skipped": false
            },
            {
              "title": "Home page title Verification",
              "fullTitle": "Hulhub Website Design and Marketing - Seo Service Page - Sub Service Page Title Testing Home page title Verification",
              "timedOut": false,
              "duration": 294,
              "state": "passed",
              "speed": "slow",
              "pass": true,
              "fail": false,
              "pending": false,
              "context": null,
              "code": "const Livetitles = await page.getTitles();\nconst Hardcodedtitles = await page.getMetaTitles();\nconsole.log(Livetitles, Hardcodedtitles);\nlet finalTitle = Hardcodedtitles.findIndex((item) => {\n  return item.title == Livetitles;\n});\nassert.isAtLeast(finalTitle, 0);",
              "err": {},
              "uuid": "ef90c9fa-38a7-49f6-bc59-e181da8f17b8",
              "parentUUID": "4f0c3f02-4924-4410-b383-efbb765bf4ad",
              "isHook": false,
              "skipped": false
            }
          ],
          "suites": [],
          "passes": [
            "e3dad5d2-51b1-49c4-bc2c-17af1cdf1b3f",
            "ef90c9fa-38a7-49f6-bc59-e181da8f17b8"
          ],
          "failures": [],
          "pending": [],
          "skipped": [],
          "duration": 1069,
          "root": false,
          "rootEmpty": false,
          "_timeout": 0
        },
        {
          "uuid": "bc40f2c6-ca8f-4341-a8c9-c95a88a2cb0b",
          "title": "Hulhub Website Design and Marketing - Content Service Page - Sub Service Page Title Testing",
          "fullFile": "C:\\Automation\\Hulhub\\test\\Smoke\\01.Forms.test.js",
          "file": "\\test\\Smoke\\01.Forms.test.js",
          "beforeHooks": [],
          "afterHooks": [],
          "tests": [
            {
              "title": "Visit to Design and Marketing - Content Service Page - Sub Service Page",
              "fullTitle": "Hulhub Website Design and Marketing - Content Service Page - Sub Service Page Title Testing Visit to Design and Marketing - Content Service Page - Sub Service Page",
              "timedOut": false,
              "duration": 771,
              "state": "passed",
              "speed": "slow",
              "pass": true,
              "fail": false,
              "pending": false,
              "context": null,
              "code": "await page.visit(result[i].url);",
              "err": {},
              "uuid": "cc1f4db2-5178-494f-ab5b-0a9c172b3e08",
              "parentUUID": "bc40f2c6-ca8f-4341-a8c9-c95a88a2cb0b",
              "isHook": false,
              "skipped": false
            },
            {
              "title": "Home page title Verification",
              "fullTitle": "Hulhub Website Design and Marketing - Content Service Page - Sub Service Page Title Testing Home page title Verification",
              "timedOut": false,
              "duration": 126,
              "state": "passed",
              "speed": "slow",
              "pass": true,
              "fail": false,
              "pending": false,
              "context": null,
              "code": "const Livetitles = await page.getTitles();\nconst Hardcodedtitles = await page.getMetaTitles();\nconsole.log(Livetitles, Hardcodedtitles);\nlet finalTitle = Hardcodedtitles.findIndex((item) => {\n  return item.title == Livetitles;\n});\nassert.isAtLeast(finalTitle, 0);",
              "err": {},
              "uuid": "79153580-8bd1-4de6-b7a7-be3766105933",
              "parentUUID": "bc40f2c6-ca8f-4341-a8c9-c95a88a2cb0b",
              "isHook": false,
              "skipped": false
            }
          ],
          "suites": [],
          "passes": [
            "cc1f4db2-5178-494f-ab5b-0a9c172b3e08",
            "79153580-8bd1-4de6-b7a7-be3766105933"
          ],
          "failures": [],
          "pending": [],
          "skipped": [],
          "duration": 897,
          "root": false,
          "rootEmpty": false,
          "_timeout": 0
        },
        {
          "uuid": "5da1a6eb-ea9a-4716-9422-76e8cedf719e",
          "title": "Hulhub Website Design and Marketing - Social Media Service Page - Sub Service Page Title Testing",
          "fullFile": "C:\\Automation\\Hulhub\\test\\Smoke\\01.Forms.test.js",
          "file": "\\test\\Smoke\\01.Forms.test.js",
          "beforeHooks": [],
          "afterHooks": [],
          "tests": [
            {
              "title": "Visit to Design and Marketing - Social Media Service Page - Sub Service Page",
              "fullTitle": "Hulhub Website Design and Marketing - Social Media Service Page - Sub Service Page Title Testing Visit to Design and Marketing - Social Media Service Page - Sub Service Page",
              "timedOut": false,
              "duration": 749,
              "state": "passed",
              "speed": "slow",
              "pass": true,
              "fail": false,
              "pending": false,
              "context": null,
              "code": "await page.visit(result[i].url);",
              "err": {},
              "uuid": "06705fc4-4630-4377-b4bb-ad98f4a7dc94",
              "parentUUID": "5da1a6eb-ea9a-4716-9422-76e8cedf719e",
              "isHook": false,
              "skipped": false
            },
            {
              "title": "Home page title Verification",
              "fullTitle": "Hulhub Website Design and Marketing - Social Media Service Page - Sub Service Page Title Testing Home page title Verification",
              "timedOut": false,
              "duration": 109,
              "state": "passed",
              "speed": "slow",
              "pass": true,
              "fail": false,
              "pending": false,
              "context": null,
              "code": "const Livetitles = await page.getTitles();\nconst Hardcodedtitles = await page.getMetaTitles();\nconsole.log(Livetitles, Hardcodedtitles);\nlet finalTitle = Hardcodedtitles.findIndex((item) => {\n  return item.title == Livetitles;\n});\nassert.isAtLeast(finalTitle, 0);",
              "err": {},
              "uuid": "dff7ab47-9d64-486c-add5-165dd11bb3fa",
              "parentUUID": "5da1a6eb-ea9a-4716-9422-76e8cedf719e",
              "isHook": false,
              "skipped": false
            }
          ],
          "suites": [],
          "passes": [
            "06705fc4-4630-4377-b4bb-ad98f4a7dc94",
            "dff7ab47-9d64-486c-add5-165dd11bb3fa"
          ],
          "failures": [],
          "pending": [],
          "skipped": [],
          "duration": 858,
          "root": false,
          "rootEmpty": false,
          "_timeout": 0
        },
        {
          "uuid": "afc81251-4613-4416-a922-2d23be6795e6",
          "title": "Hulhub Website Design and Marketing - 4d Anomprphic Design Service Page - Sub Service Page Title Testing",
          "fullFile": "C:\\Automation\\Hulhub\\test\\Smoke\\01.Forms.test.js",
          "file": "\\test\\Smoke\\01.Forms.test.js",
          "beforeHooks": [],
          "afterHooks": [],
          "tests": [
            {
              "title": "Visit to Design and Marketing - 4d Anomprphic Design Service Page - Sub Service Page",
              "fullTitle": "Hulhub Website Design and Marketing - 4d Anomprphic Design Service Page - Sub Service Page Title Testing Visit to Design and Marketing - 4d Anomprphic Design Service Page - Sub Service Page",
              "timedOut": false,
              "duration": 2327,
              "state": "passed",
              "speed": "slow",
              "pass": true,
              "fail": false,
              "pending": false,
              "context": null,
              "code": "await page.visit(result[i].url);",
              "err": {},
              "uuid": "0703483f-80b6-4716-80a4-b948377fce36",
              "parentUUID": "afc81251-4613-4416-a922-2d23be6795e6",
              "isHook": false,
              "skipped": false
            },
            {
              "title": "Home page title Verification",
              "fullTitle": "Hulhub Website Design and Marketing - 4d Anomprphic Design Service Page - Sub Service Page Title Testing Home page title Verification",
              "timedOut": false,
              "duration": 72,
              "state": "passed",
              "speed": "medium",
              "pass": true,
              "fail": false,
              "pending": false,
              "context": null,
              "code": "const Livetitles = await page.getTitles();\nconst Hardcodedtitles = await page.getMetaTitles();\nconsole.log(Livetitles, Hardcodedtitles);\nlet finalTitle = Hardcodedtitles.findIndex((item) => {\n  return item.title == Livetitles;\n});\nassert.isAtLeast(finalTitle, 0);",
              "err": {},
              "uuid": "43e51657-5038-4bd1-a895-9eaaeb981376",
              "parentUUID": "afc81251-4613-4416-a922-2d23be6795e6",
              "isHook": false,
              "skipped": false
            }
          ],
          "suites": [],
          "passes": [
            "0703483f-80b6-4716-80a4-b948377fce36",
            "43e51657-5038-4bd1-a895-9eaaeb981376"
          ],
          "failures": [],
          "pending": [],
          "skipped": [],
          "duration": 2399,
          "root": false,
          "rootEmpty": false,
          "_timeout": 0
        },
        {
          "uuid": "7bab0881-a46d-46e3-9468-d615f17e6efa",
          "title": "Hulhub Website Design and Marketing - PPC Service Page - Sub Service Page Title Testing",
          "fullFile": "C:\\Automation\\Hulhub\\test\\Smoke\\01.Forms.test.js",
          "file": "\\test\\Smoke\\01.Forms.test.js",
          "beforeHooks": [],
          "afterHooks": [],
          "tests": [
            {
              "title": "Visit to Design and Marketing - PPC Service Page - Sub Service Page",
              "fullTitle": "Hulhub Website Design and Marketing - PPC Service Page - Sub Service Page Title Testing Visit to Design and Marketing - PPC Service Page - Sub Service Page",
              "timedOut": false,
              "duration": 731,
              "state": "passed",
              "speed": "slow",
              "pass": true,
              "fail": false,
              "pending": false,
              "context": null,
              "code": "await page.visit(result[i].url);",
              "err": {},
              "uuid": "71168ed5-c26d-44e8-ade2-a755e5097c93",
              "parentUUID": "7bab0881-a46d-46e3-9468-d615f17e6efa",
              "isHook": false,
              "skipped": false
            },
            {
              "title": "Home page title Verification",
              "fullTitle": "Hulhub Website Design and Marketing - PPC Service Page - Sub Service Page Title Testing Home page title Verification",
              "timedOut": false,
              "duration": 222,
              "state": "passed",
              "speed": "slow",
              "pass": true,
              "fail": false,
              "pending": false,
              "context": null,
              "code": "const Livetitles = await page.getTitles();\nconst Hardcodedtitles = await page.getMetaTitles();\nconsole.log(Livetitles, Hardcodedtitles);\nlet finalTitle = Hardcodedtitles.findIndex((item) => {\n  return item.title == Livetitles;\n});\nassert.isAtLeast(finalTitle, 0);",
              "err": {},
              "uuid": "a8361784-be3b-400a-a547-8c28a6896efa",
              "parentUUID": "7bab0881-a46d-46e3-9468-d615f17e6efa",
              "isHook": false,
              "skipped": false
            }
          ],
          "suites": [],
          "passes": [
            "71168ed5-c26d-44e8-ade2-a755e5097c93",
            "a8361784-be3b-400a-a547-8c28a6896efa"
          ],
          "failures": [],
          "pending": [],
          "skipped": [],
          "duration": 953,
          "root": false,
          "rootEmpty": false,
          "_timeout": 0
        },
        {
          "uuid": "33c1671f-a775-4939-89a3-ce84447dc4be",
          "title": "Hulhub Website Design and Marketing - Link Building Service Page - Sub Service Page Title Testing",
          "fullFile": "C:\\Automation\\Hulhub\\test\\Smoke\\01.Forms.test.js",
          "file": "\\test\\Smoke\\01.Forms.test.js",
          "beforeHooks": [],
          "afterHooks": [],
          "tests": [
            {
              "title": "Visit to Design and Marketing - Link Building Service Page - Sub Service Page",
              "fullTitle": "Hulhub Website Design and Marketing - Link Building Service Page - Sub Service Page Title Testing Visit to Design and Marketing - Link Building Service Page - Sub Service Page",
              "timedOut": false,
              "duration": 995,
              "state": "passed",
              "speed": "slow",
              "pass": true,
              "fail": false,
              "pending": false,
              "context": null,
              "code": "await page.visit(result[i].url);",
              "err": {},
              "uuid": "49a3d9d7-4997-407e-8014-c34dd3a74442",
              "parentUUID": "33c1671f-a775-4939-89a3-ce84447dc4be",
              "isHook": false,
              "skipped": false
            },
            {
              "title": "Home page title Verification",
              "fullTitle": "Hulhub Website Design and Marketing - Link Building Service Page - Sub Service Page Title Testing Home page title Verification",
              "timedOut": false,
              "duration": 225,
              "state": "passed",
              "speed": "slow",
              "pass": true,
              "fail": false,
              "pending": false,
              "context": null,
              "code": "const Livetitles = await page.getTitles();\nconst Hardcodedtitles = await page.getMetaTitles();\nconsole.log(Livetitles, Hardcodedtitles);\nlet finalTitle = Hardcodedtitles.findIndex((item) => {\n  return item.title == Livetitles;\n});\nassert.isAtLeast(finalTitle, 0);",
              "err": {},
              "uuid": "ef83aea0-8dc1-4d60-9172-53cb048e2f3e",
              "parentUUID": "33c1671f-a775-4939-89a3-ce84447dc4be",
              "isHook": false,
              "skipped": false
            }
          ],
          "suites": [],
          "passes": [
            "49a3d9d7-4997-407e-8014-c34dd3a74442",
            "ef83aea0-8dc1-4d60-9172-53cb048e2f3e"
          ],
          "failures": [],
          "pending": [],
          "skipped": [],
          "duration": 1220,
          "root": false,
          "rootEmpty": false,
          "_timeout": 0
        },
        {
          "uuid": "42883461-7104-4edc-9d29-732501dd5d41",
          "title": "Hulhub Website Design and Marketing - Website Design Development  Service Page - Sub Service Page Title Testing",
          "fullFile": "C:\\Automation\\Hulhub\\test\\Smoke\\01.Forms.test.js",
          "file": "\\test\\Smoke\\01.Forms.test.js",
          "beforeHooks": [],
          "afterHooks": [],
          "tests": [
            {
              "title": "Visit to Design and Marketing - Website Design Development  Service Page - Sub Service Page",
              "fullTitle": "Hulhub Website Design and Marketing - Website Design Development  Service Page - Sub Service Page Title Testing Visit to Design and Marketing - Website Design Development  Service Page - Sub Service Page",
              "timedOut": false,
              "duration": 1009,
              "state": "passed",
              "speed": "slow",
              "pass": true,
              "fail": false,
              "pending": false,
              "context": null,
              "code": "await page.visit(result[i].url);",
              "err": {},
              "uuid": "38942a93-ddae-4eb4-bdb9-db2c95c415d1",
              "parentUUID": "42883461-7104-4edc-9d29-732501dd5d41",
              "isHook": false,
              "skipped": false
            },
            {
              "title": "Home page title Verification",
              "fullTitle": "Hulhub Website Design and Marketing - Website Design Development  Service Page - Sub Service Page Title Testing Home page title Verification",
              "timedOut": false,
              "duration": 117,
              "state": "passed",
              "speed": "slow",
              "pass": true,
              "fail": false,
              "pending": false,
              "context": null,
              "code": "const Livetitles = await page.getTitles();\nconst Hardcodedtitles = await page.getMetaTitles();\nconsole.log(Livetitles, Hardcodedtitles);\nlet finalTitle = Hardcodedtitles.findIndex((item) => {\n  return item.title == Livetitles;\n});\nassert.isAtLeast(finalTitle, 0);",
              "err": {},
              "uuid": "c0747b6f-c111-43d2-9f68-2e47dd3bd579",
              "parentUUID": "42883461-7104-4edc-9d29-732501dd5d41",
              "isHook": false,
              "skipped": false
            }
          ],
          "suites": [],
          "passes": [
            "38942a93-ddae-4eb4-bdb9-db2c95c415d1",
            "c0747b6f-c111-43d2-9f68-2e47dd3bd579"
          ],
          "failures": [],
          "pending": [],
          "skipped": [],
          "duration": 1126,
          "root": false,
          "rootEmpty": false,
          "_timeout": 0
        },
        {
          "uuid": "f5725802-53c7-41c7-b952-3767e36be6b1",
          "title": "Hulhub Website Data Science - Main Service Page Title Testing",
          "fullFile": "C:\\Automation\\Hulhub\\test\\Smoke\\01.Forms.test.js",
          "file": "\\test\\Smoke\\01.Forms.test.js",
          "beforeHooks": [],
          "afterHooks": [],
          "tests": [
            {
              "title": "Visit to Data Science - Main Service Page",
              "fullTitle": "Hulhub Website Data Science - Main Service Page Title Testing Visit to Data Science - Main Service Page",
              "timedOut": false,
              "duration": 888,
              "state": "passed",
              "speed": "slow",
              "pass": true,
              "fail": false,
              "pending": false,
              "context": null,
              "code": "await page.visit(result[i].url);",
              "err": {},
              "uuid": "96145680-6fcb-43a7-a0d6-1b8fff70bd8d",
              "parentUUID": "f5725802-53c7-41c7-b952-3767e36be6b1",
              "isHook": false,
              "skipped": false
            },
            {
              "title": "Home page title Verification",
              "fullTitle": "Hulhub Website Data Science - Main Service Page Title Testing Home page title Verification",
              "timedOut": false,
              "duration": 73,
              "state": "passed",
              "speed": "medium",
              "pass": true,
              "fail": false,
              "pending": false,
              "context": null,
              "code": "const Livetitles = await page.getTitles();\nconst Hardcodedtitles = await page.getMetaTitles();\nconsole.log(Livetitles, Hardcodedtitles);\nlet finalTitle = Hardcodedtitles.findIndex((item) => {\n  return item.title == Livetitles;\n});\nassert.isAtLeast(finalTitle, 0);",
              "err": {},
              "uuid": "105ca4da-02ca-4882-98aa-2db99b24da15",
              "parentUUID": "f5725802-53c7-41c7-b952-3767e36be6b1",
              "isHook": false,
              "skipped": false
            }
          ],
          "suites": [],
          "passes": [
            "96145680-6fcb-43a7-a0d6-1b8fff70bd8d",
            "105ca4da-02ca-4882-98aa-2db99b24da15"
          ],
          "failures": [],
          "pending": [],
          "skipped": [],
          "duration": 961,
          "root": false,
          "rootEmpty": false,
          "_timeout": 0
        },
        {
          "uuid": "9f798f72-59c9-4dd9-99c7-94285dff2a88",
          "title": "Hulhub Website Block Chain - Main Service Page Title Testing",
          "fullFile": "C:\\Automation\\Hulhub\\test\\Smoke\\01.Forms.test.js",
          "file": "\\test\\Smoke\\01.Forms.test.js",
          "beforeHooks": [],
          "afterHooks": [],
          "tests": [
            {
              "title": "Visit to Block Chain - Main Service Page",
              "fullTitle": "Hulhub Website Block Chain - Main Service Page Title Testing Visit to Block Chain - Main Service Page",
              "timedOut": false,
              "duration": 1296,
              "state": "passed",
              "speed": "slow",
              "pass": true,
              "fail": false,
              "pending": false,
              "context": null,
              "code": "await page.visit(result[i].url);",
              "err": {},
              "uuid": "1cd5e5a4-0a62-4777-965c-7ee557a7a898",
              "parentUUID": "9f798f72-59c9-4dd9-99c7-94285dff2a88",
              "isHook": false,
              "skipped": false
            },
            {
              "title": "Home page title Verification",
              "fullTitle": "Hulhub Website Block Chain - Main Service Page Title Testing Home page title Verification",
              "timedOut": false,
              "duration": 82,
              "state": "passed",
              "speed": "slow",
              "pass": true,
              "fail": false,
              "pending": false,
              "context": null,
              "code": "const Livetitles = await page.getTitles();\nconst Hardcodedtitles = await page.getMetaTitles();\nconsole.log(Livetitles, Hardcodedtitles);\nlet finalTitle = Hardcodedtitles.findIndex((item) => {\n  return item.title == Livetitles;\n});\nassert.isAtLeast(finalTitle, 0);",
              "err": {},
              "uuid": "ded7fc1e-3451-4fe4-a6e8-deb339bc03c3",
              "parentUUID": "9f798f72-59c9-4dd9-99c7-94285dff2a88",
              "isHook": false,
              "skipped": false
            }
          ],
          "suites": [],
          "passes": [
            "1cd5e5a4-0a62-4777-965c-7ee557a7a898",
            "ded7fc1e-3451-4fe4-a6e8-deb339bc03c3"
          ],
          "failures": [],
          "pending": [],
          "skipped": [],
          "duration": 1378,
          "root": false,
          "rootEmpty": false,
          "_timeout": 0
        },
        {
          "uuid": "30304de6-d721-4ce1-97a7-30ed7b0a9a17",
          "title": "Hulhub Website Data Dynamo Page Title Testing",
          "fullFile": "C:\\Automation\\Hulhub\\test\\Smoke\\01.Forms.test.js",
          "file": "\\test\\Smoke\\01.Forms.test.js",
          "beforeHooks": [],
          "afterHooks": [],
          "tests": [
            {
              "title": "Visit to Data Dynamo Page",
              "fullTitle": "Hulhub Website Data Dynamo Page Title Testing Visit to Data Dynamo Page",
              "timedOut": false,
              "duration": 39827,
              "state": "passed",
              "speed": "slow",
              "pass": true,
              "fail": false,
              "pending": false,
              "context": null,
              "code": "await page.visit(result[i].url);",
              "err": {},
              "uuid": "51a4c33f-d6c3-4e95-84f0-785034d36364",
              "parentUUID": "30304de6-d721-4ce1-97a7-30ed7b0a9a17",
              "isHook": false,
              "skipped": false
            },
            {
              "title": "Home page title Verification",
              "fullTitle": "Hulhub Website Data Dynamo Page Title Testing Home page title Verification",
              "timedOut": false,
              "duration": 68,
              "state": "passed",
              "speed": "medium",
              "pass": true,
              "fail": false,
              "pending": false,
              "context": null,
              "code": "const Livetitles = await page.getTitles();\nconst Hardcodedtitles = await page.getMetaTitles();\nconsole.log(Livetitles, Hardcodedtitles);\nlet finalTitle = Hardcodedtitles.findIndex((item) => {\n  return item.title == Livetitles;\n});\nassert.isAtLeast(finalTitle, 0);",
              "err": {},
              "uuid": "1ef141cb-a736-4aef-a976-849bd8a31fd5",
              "parentUUID": "30304de6-d721-4ce1-97a7-30ed7b0a9a17",
              "isHook": false,
              "skipped": false
            }
          ],
          "suites": [],
          "passes": [
            "51a4c33f-d6c3-4e95-84f0-785034d36364",
            "1ef141cb-a736-4aef-a976-849bd8a31fd5"
          ],
          "failures": [],
          "pending": [],
          "skipped": [],
          "duration": 39895,
          "root": false,
          "rootEmpty": false,
          "_timeout": 0
        },
        {
          "uuid": "ab2b678f-970e-4357-86fd-b182cd1e9998",
          "title": "Hulhub Website Work Base HCM - Product Page Title Testing",
          "fullFile": "C:\\Automation\\Hulhub\\test\\Smoke\\01.Forms.test.js",
          "file": "\\test\\Smoke\\01.Forms.test.js",
          "beforeHooks": [],
          "afterHooks": [],
          "tests": [
            {
              "title": "Visit to Work Base HCM - Product Page",
              "fullTitle": "Hulhub Website Work Base HCM - Product Page Title Testing Visit to Work Base HCM - Product Page",
              "timedOut": false,
              "duration": 629,
              "state": "passed",
              "speed": "slow",
              "pass": true,
              "fail": false,
              "pending": false,
              "context": null,
              "code": "await page.visit(result[i].url);",
              "err": {},
              "uuid": "ad63f06a-659c-4996-a143-187fc96502ec",
              "parentUUID": "ab2b678f-970e-4357-86fd-b182cd1e9998",
              "isHook": false,
              "skipped": false
            },
            {
              "title": "Home page title Verification",
              "fullTitle": "Hulhub Website Work Base HCM - Product Page Title Testing Home page title Verification",
              "timedOut": false,
              "duration": 231,
              "state": "passed",
              "speed": "slow",
              "pass": true,
              "fail": false,
              "pending": false,
              "context": null,
              "code": "const Livetitles = await page.getTitles();\nconst Hardcodedtitles = await page.getMetaTitles();\nconsole.log(Livetitles, Hardcodedtitles);\nlet finalTitle = Hardcodedtitles.findIndex((item) => {\n  return item.title == Livetitles;\n});\nassert.isAtLeast(finalTitle, 0);",
              "err": {},
              "uuid": "4d0a1651-da97-471e-aaac-12236ea1edf7",
              "parentUUID": "ab2b678f-970e-4357-86fd-b182cd1e9998",
              "isHook": false,
              "skipped": false
            }
          ],
          "suites": [],
          "passes": [
            "ad63f06a-659c-4996-a143-187fc96502ec",
            "4d0a1651-da97-471e-aaac-12236ea1edf7"
          ],
          "failures": [],
          "pending": [],
          "skipped": [],
          "duration": 860,
          "root": false,
          "rootEmpty": false,
          "_timeout": 0
        },
        {
          "uuid": "77ac1b6f-71f4-47cb-b491-3883ef7c8f99",
          "title": "Hulhub Website Beelinks - Product Page Title Testing",
          "fullFile": "C:\\Automation\\Hulhub\\test\\Smoke\\01.Forms.test.js",
          "file": "\\test\\Smoke\\01.Forms.test.js",
          "beforeHooks": [],
          "afterHooks": [],
          "tests": [
            {
[...]
              "timedOut": false,
              "duration": 1253,
              "state": "passed",
              "speed": "slow",
              "pass": true,
              "fail": false,
              "pending": false,
              "context": null,
              "code": "await page.visit(result[i].url);",
              "err": {},
              "uuid": "912108d6-71cb-4cb2-8b6c-85c80ac9c801",
              "parentUUID": "bd083a57-f417-490d-a221-874b8a4b6946",
              "isHook": false,
              "skipped": false
            },
            {
              "title": "Website Description Verification",
              "fullTitle": "Hulhub Website Data Science - Main Service Page Description Testing Website Description Verification",
              "timedOut": false,
              "duration": 74,
              "state": "passed",
              "speed": "medium",
              "pass": true,
              "fail": false,
              "pending": false,
              "context": null,
              "code": "const Livedescription = await page.getDescription();\nconst Hardcodeddescription = await page.getMetaDescription();\nconsole.log(Livedescription, Hardcodeddescription);\nlet finaldescription = Hardcodeddescription.findIndex((item) => {\n  return item.description == Livedescription;\n});\nassert.isAtLeast(finaldescription, 0);",
              "err": {},
              "uuid": "6daae015-734a-4186-99e2-9ce2a70c3dc3",
              "parentUUID": "bd083a57-f417-490d-a221-874b8a4b6946",
              "isHook": false,
              "skipped": false
            }
          ],
          "suites": [],
          "passes": [
            "912108d6-71cb-4cb2-8b6c-85c80ac9c801",
            "6daae015-734a-4186-99e2-9ce2a70c3dc3"
          ],
          "failures": [],
          "pending": [],
          "skipped": [],
          "duration": 1327,
          "root": false,
          "rootEmpty": false,
          "_timeout": 0
        },
        {
          "uuid": "56db076c-abca-4290-939d-baff4fecbbd6",
          "title": "Hulhub Website Block Chain - Main Service Page Description Testing",
          "fullFile": "C:\\Automation\\Hulhub\\test\\Smoke\\01.Forms.test.js",
          "file": "\\test\\Smoke\\01.Forms.test.js",
          "beforeHooks": [],
          "afterHooks": [],
          "tests": [
            {
              "title": "Visit to Block Chain - Main Service Page",
              "fullTitle": "Hulhub Website Block Chain - Main Service Page Description Testing Visit to Block Chain - Main Service Page",
              "timedOut": false,
              "duration": 979,
              "state": "passed",
              "speed": "slow",
              "pass": true,
              "fail": false,
              "pending": false,
              "context": null,
              "code": "await page.visit(result[i].url);",
              "err": {},
              "uuid": "8e677aff-63ab-4c8f-ad88-0b15431e003b",
              "parentUUID": "56db076c-abca-4290-939d-baff4fecbbd6",
              "isHook": false,
              "skipped": false
            },
            {
              "title": "Website Description Verification",
              "fullTitle": "Hulhub Website Block Chain - Main Service Page Description Testing Website Description Verification",
              "timedOut": false,
              "duration": 74,
              "state": "passed",
              "speed": "medium",
              "pass": true,
              "fail": false,
              "pending": false,
              "context": null,
              "code": "const Livedescription = await page.getDescription();\nconst Hardcodeddescription = await page.getMetaDescription();\nconsole.log(Livedescription, Hardcodeddescription);\nlet finaldescription = Hardcodeddescription.findIndex((item) => {\n  return item.description == Livedescription;\n});\nassert.isAtLeast(finaldescription, 0);",
              "err": {},
              "uuid": "aa6847fc-f265-4cf0-b0c1-1e342dd434ff",
              "parentUUID": "56db076c-abca-4290-939d-baff4fecbbd6",
              "isHook": false,
              "skipped": false
            }
          ],
          "suites": [],
          "passes": [
            "8e677aff-63ab-4c8f-ad88-0b15431e003b",
            "aa6847fc-f265-4cf0-b0c1-1e342dd434ff"
          ],
          "failures": [],
          "pending": [],
          "skipped": [],
          "duration": 1053,
          "root": false,
          "rootEmpty": false,
          "_timeout": 0
        },
        {
          "uuid": "dadffc78-4972-4ebb-b92c-1b56701f00cf",
          "title": "Hulhub Website Data Dynamo Page Description Testing",
          "fullFile": "C:\\Automation\\Hulhub\\test\\Smoke\\01.Forms.test.js",
          "file": "\\test\\Smoke\\01.Forms.test.js",
          "beforeHooks": [],
          "afterHooks": [],
          "tests": [
            {
              "title": "Visit to Data Dynamo Page",
              "fullTitle": "Hulhub Website Data Dynamo Page Description Testing Visit to Data Dynamo Page",
              "timedOut": false,
              "duration": 977,
              "state": "passed",
              "speed": "slow",
              "pass": true,
              "fail": false,
              "pending": false,
              "context": null,
              "code": "await page.visit(result[i].url);",
              "err": {},
              "uuid": "dad9dedb-afbd-4ce6-bb58-37626b3f6782",
              "parentUUID": "dadffc78-4972-4ebb-b92c-1b56701f00cf",
              "isHook": false,
              "skipped": false
            },
            {
              "title": "Website Description Verification",
              "fullTitle": "Hulhub Website Data Dynamo Page Description Testing Website Description Verification",
              "timedOut": false,
              "duration": 250,
              "state": "passed",
              "speed": "slow",
              "pass": true,
              "fail": false,
              "pending": false,
              "context": null,
              "code": "const Livedescription = await page.getDescription();\nconst Hardcodeddescription = await page.getMetaDescription();\nconsole.log(Livedescription, Hardcodeddescription);\nlet finaldescription = Hardcodeddescription.findIndex((item) => {\n  return item.description == Livedescription;\n});\nassert.isAtLeast(finaldescription, 0);",
              "err": {},
              "uuid": "1528ba0b-e756-4169-97ef-24a66a8b03f7",
              "parentUUID": "dadffc78-4972-4ebb-b92c-1b56701f00cf",
              "isHook": false,
              "skipped": false
            }
          ],
          "suites": [],
          "passes": [
            "dad9dedb-afbd-4ce6-bb58-37626b3f6782",
            "1528ba0b-e756-4169-97ef-24a66a8b03f7"
          ],
          "failures": [],
          "pending": [],
          "skipped": [],
          "duration": 1227,
          "root": false,
          "rootEmpty": false,
          "_timeout": 0
        },
        {
          "uuid": "3a923d56-92ca-47f0-87f9-13786e43d3a9",
          "title": "Hulhub Website Work Base HCM - Product Page Description Testing",
          "fullFile": "C:\\Automation\\Hulhub\\test\\Smoke\\01.Forms.test.js",
          "file": "\\test\\Smoke\\01.Forms.test.js",
          "beforeHooks": [],
          "afterHooks": [],
          "tests": [
            {
              "title": "Visit to Work Base HCM - Product Page",
              "fullTitle": "Hulhub Website Work Base HCM - Product Page Description Testing Visit to Work Base HCM - Product Page",
              "timedOut": false,
              "duration": 842,
              "state": "passed",
              "speed": "slow",
              "pass": true,
              "fail": false,
              "pending": false,
              "context": null,
              "code": "await page.visit(result[i].url);",
              "err": {},
              "uuid": "d58be263-59cd-420e-b757-3f0b9eaa9219",
              "parentUUID": "3a923d56-92ca-47f0-87f9-13786e43d3a9",
              "isHook": false,
              "skipped": false
            },
            {
              "title": "Website Description Verification",
              "fullTitle": "Hulhub Website Work Base HCM - Product Page Description Testing Website Description Verification",
              "timedOut": false,
              "duration": 289,
              "state": "passed",
              "speed": "slow",
              "pass": true,
              "fail": false,
              "pending": false,
              "context": null,
              "code": "const Livedescription = await page.getDescription();\nconst Hardcodeddescription = await page.getMetaDescription();\nconsole.log(Livedescription, Hardcodeddescription);\nlet finaldescription = Hardcodeddescription.findIndex((item) => {\n  return item.description == Livedescription;\n});\nassert.isAtLeast(finaldescription, 0);",
              "err": {},
              "uuid": "b9a0feb7-e9e3-46f3-9ee8-e57b2731c5a3",
              "parentUUID": "3a923d56-92ca-47f0-87f9-13786e43d3a9",
              "isHook": false,
              "skipped": false
            }
          ],
          "suites": [],
          "passes": [
            "d58be263-59cd-420e-b757-3f0b9eaa9219",
            "b9a0feb7-e9e3-46f3-9ee8-e57b2731c5a3"
          ],
          "failures": [],
          "pending": [],
          "skipped": [],
          "duration": 1131,
          "root": false,
          "rootEmpty": false,
          "_timeout": 0
        },
        {
          "uuid": "805a34ae-51ec-44c6-8021-2fef8e238316",
          "title": "Hulhub Website Beelinks - Product Page Description Testing",
          "fullFile": "C:\\Automation\\Hulhub\\test\\Smoke\\01.Forms.test.js",
          "file": "\\test\\Smoke\\01.Forms.test.js",
          "beforeHooks": [],
          "afterHooks": [],
          "tests": [
            {
              "title": "Visit to Beelinks - Product Page",
              "fullTitle": "Hulhub Website Beelinks - Product Page Description Testing Visit to Beelinks - Product Page",
              "timedOut": false,
              "duration": 2142,
              "state": "passed",
              "speed": "slow",
              "pass": true,
              "fail": false,
              "pending": false,
              "context": null,
              "code": "await page.visit(result[i].url);",
              "err": {},
              "uuid": "a45ebd75-f532-4ae8-9bb4-e181137ccd80",
              "parentUUID": "805a34ae-51ec-44c6-8021-2fef8e238316",
              "isHook": false,
              "skipped": false
            },
            {
              "title": "Website Description Verification",
              "fullTitle": "Hulhub Website Beelinks - Product Page Description Testing Website Description Verification",
              "timedOut": false,
              "duration": 245,
              "state": "passed",
              "speed": "slow",
              "pass": true,
              "fail": false,
              "pending": false,
              "context": null,
              "code": "const Livedescription = await page.getDescription();\nconst Hardcodeddescription = await page.getMetaDescription();\nconsole.log(Livedescription, Hardcodeddescription);\nlet finaldescription = Hardcodeddescription.findIndex((item) => {\n  return item.description == Livedescription;\n});\nassert.isAtLeast(finaldescription, 0);",
              "err": {},
              "uuid": "883fbae0-b3a2-4110-9c6f-8f1b2c3e2221",
              "parentUUID": "805a34ae-51ec-44c6-8021-2fef8e238316",
              "isHook": false,
              "skipped": false
            }
          ],
          "suites": [],
          "passes": [
            "a45ebd75-f532-4ae8-9bb4-e181137ccd80",
            "883fbae0-b3a2-4110-9c6f-8f1b2c3e2221"
          ],
          "failures": [],
          "pending": [],
          "skipped": [],
          "duration": 2387,
          "root": false,
          "rootEmpty": false,
          "_timeout": 0
        },
        {
          "uuid": "3cd8b9b3-3717-44c5-b35c-fb9fdcfe45a2",
          "title": "Hulhub Website Fleet Management - Product  Page Description Testing",
          "fullFile": "C:\\Automation\\Hulhub\\test\\Smoke\\01.Forms.test.js",
          "file": "\\test\\Smoke\\01.Forms.test.js",
          "beforeHooks": [],
          "afterHooks": [],
          "tests": [
            {
              "title": "Visit to Fleet Management - Product  Page",
              "fullTitle": "Hulhub Website Fleet Management - Product  Page Description Testing Visit to Fleet Management - Product  Page",
              "timedOut": false,
              "duration": 4089,
              "state": "passed",
              "speed": "slow",
              "pass": true,
              "fail": false,
              "pending": false,
              "context": null,
              "code": "await page.visit(result[i].url);",
              "err": {},
              "uuid": "f70f3baa-751d-4a3e-b5ef-d4d95bf44f77",
              "parentUUID": "3cd8b9b3-3717-44c5-b35c-fb9fdcfe45a2",
              "isHook": false,
              "skipped": false
            },
            {
              "title": "Website Description Verification",
              "fullTitle": "Hulhub Website Fleet Management - Product  Page Description Testing Website Description Verification",
              "timedOut": false,
              "duration": 84,
              "state": "passed",
              "speed": "slow",
              "pass": true,
              "fail": false,
              "pending": false,
              "context": null,
              "code": "const Livedescription = await page.getDescription();\nconst Hardcodeddescription = await page.getMetaDescription();\nconsole.log(Livedescription, Hardcodeddescription);\nlet finaldescription = Hardcodeddescription.findIndex((item) => {\n  return item.description == Livedescription;\n});\nassert.isAtLeast(finaldescription, 0);",
              "err": {},
              "uuid": "d22ce070-51a0-4100-b5fa-f89ee50d66fa",
              "parentUUID": "3cd8b9b3-3717-44c5-b35c-fb9fdcfe45a2",
              "isHook": false,
              "skipped": false
            }
          ],
          "suites": [],
          "passes": [
            "f70f3baa-751d-4a3e-b5ef-d4d95bf44f77",
            "d22ce070-51a0-4100-b5fa-f89ee50d66fa"
          ],
          "failures": [],
          "pending": [],
          "skipped": [],
          "duration": 4173,
          "root": false,
          "rootEmpty": false,
          "_timeout": 0
        },
        {
          "uuid": "64fc7174-3aff-4661-b5aa-356efe5fc941",
          "title": "Hulhub Website eCampus Hub Page Description Testing",
          "fullFile": "C:\\Automation\\Hulhub\\test\\Smoke\\01.Forms.test.js",
          "file": "\\test\\Smoke\\01.Forms.test.js",
          "beforeHooks": [],
          "afterHooks": [],
          "tests": [
            {
              "title": "Visit to eCampus Hub Page",
              "fullTitle": "Hulhub Website eCampus Hub Page Description Testing Visit to eCampus Hub Page",
              "timedOut": false,
              "duration": 6837,
              "state": "passed",
              "speed": "slow",
              "pass": true,
              "fail": false,
              "pending": false,
              "context": null,
              "code": "await page.visit(result[i].url);",
              "err": {},
              "uuid": "03c1b5d3-0779-445c-925f-c08f1b87324e",
              "parentUUID": "64fc7174-3aff-4661-b5aa-356efe5fc941",
              "isHook": false,
              "skipped": false
            },
            {
              "title": "Website Description Verification",
              "fullTitle": "Hulhub Website eCampus Hub Page Description Testing Website Description Verification",
              "timedOut": false,
              "duration": 75,
              "state": "passed",
              "speed": "medium",
              "pass": true,
              "fail": false,
              "pending": false,
              "context": null,
              "code": "const Livedescription = await page.getDescription();\nconst Hardcodeddescription = await page.getMetaDescription();\nconsole.log(Livedescription, Hardcodeddescription);\nlet finaldescription = Hardcodeddescription.findIndex((item) => {\n  return item.description == Livedescription;\n});\nassert.isAtLeast(finaldescription, 0);",
              "err": {},
              "uuid": "83076d26-f625-495f-9881-c4af536ec1bc",
              "parentUUID": "64fc7174-3aff-4661-b5aa-356efe5fc941",
              "isHook": false,
              "skipped": false
            }
          ],
          "suites": [],
          "passes": [
            "03c1b5d3-0779-445c-925f-c08f1b87324e",
            "83076d26-f625-495f-9881-c4af536ec1bc"
          ],
          "failures": [],
          "pending": [],
          "skipped": [],
          "duration": 6912,
          "root": false,
          "rootEmpty": false,
          "_timeout": 0
        },
        {
          "uuid": "4b6f4be0-bd84-4ee8-94cc-f4f85280cc1c",
          "title": "Hulhub Website About Us Description Testing",
          "fullFile": "C:\\Automation\\Hulhub\\test\\Smoke\\01.Forms.test.js",
          "file": "\\test\\Smoke\\01.Forms.test.js",
          "beforeHooks": [],
          "afterHooks": [],
          "tests": [
            {
              "title": "Visit to About Us",
              "fullTitle": "Hulhub Website About Us Description Testing Visit to About Us",
              "timedOut": false,
              "duration": 1108,
              "state": "passed",
              "speed": "slow",
              "pass": true,
              "fail": false,
              "pending": false,
              "context": null,
              "code": "await page.visit(result[i].url);",
              "err": {},
              "uuid": "ef9741b0-ba15-4a5e-89a7-626634f92423",
              "parentUUID": "4b6f4be0-bd84-4ee8-94cc-f4f85280cc1c",
              "isHook": false,
              "skipped": false
            },
            {
              "title": "Website Description Verification",
              "fullTitle": "Hulhub Website About Us Description Testing Website Description Verification",
              "timedOut": false,
              "duration": 96,
              "state": "passed",
              "speed": "slow",
              "pass": true,
              "fail": false,
              "pending": false,
              "context": null,
              "code": "const Livedescription = await page.getDescription();\nconst Hardcodeddescription = await page.getMetaDescription();\nconsole.log(Livedescription, Hardcodeddescription);\nlet finaldescription = Hardcodeddescription.findIndex((item) => {\n  return item.description == Livedescription;\n});\nassert.isAtLeast(finaldescription, 0);",
              "err": {},
              "uuid": "f613a6a7-f546-41d4-954c-ed0b6495c5fc",
              "parentUUID": "4b6f4be0-bd84-4ee8-94cc-f4f85280cc1c",
              "isHook": false,
              "skipped": false
            }
          ],
          "suites": [],
          "passes": [
            "ef9741b0-ba15-4a5e-89a7-626634f92423",
            "f613a6a7-f546-41d4-954c-ed0b6495c5fc"
          ],
          "failures": [],
          "pending": [],
          "skipped": [],
          "duration": 1204,
          "root": false,
          "rootEmpty": false,
          "_timeout": 0
        }
      ],
      "passes": [],
      "failures": [],
      "pending": [],
      "skipped": [],
      "duration": 0,
      "root": true,
      "rootEmpty": true,
      "_timeout": 0
    }
  ],
  "meta": {
    "mocha": {
      "version": "8.3.0"
    },
    "mochawesome": {
      "options": {
        "quiet": false,
        "reportFilename": "mochawesome",
        "saveHtml": true,
        "saveJson": true,
        "consoleReporter": "spec",
        "useInlineDiffs": false,
        "code": true
      },
      "version": "6.2.1"
    },
    "marge": {
      "options": {
        "autoOpen": "true"
      },
      "version": "5.2.0"
    }
  }
}